mode: set
github.com/gophersatwork/granular/cache.go:36.59,45.33 2 1
github.com/gophersatwork/granular/cache.go:45.33,47.3 1 1
github.com/gophersatwork/granular/cache.go:50.2,50.70 1 1
github.com/gophersatwork/granular/cache.go:50.70,52.3 1 1
github.com/gophersatwork/granular/cache.go:53.2,53.69 1 1
github.com/gophersatwork/granular/cache.go:53.69,55.3 1 0
github.com/gophersatwork/granular/cache.go:57.2,57.19 1 1
github.com/gophersatwork/granular/cache.go:61.24,63.16 2 1
github.com/gophersatwork/granular/cache.go:63.16,64.61 1 0
github.com/gophersatwork/granular/cache.go:66.2,66.14 1 1
github.com/gophersatwork/granular/cache.go:70.35,78.2 1 1
github.com/gophersatwork/granular/cache.go:85.47,90.25 3 1
github.com/gophersatwork/granular/cache.go:90.25,92.3 1 0
github.com/gophersatwork/granular/cache.go:95.2,96.16 2 1
github.com/gophersatwork/granular/cache.go:96.16,98.3 1 0
github.com/gophersatwork/granular/cache.go:101.2,103.16 3 1
github.com/gophersatwork/granular/cache.go:103.16,105.3 1 0
github.com/gophersatwork/granular/cache.go:106.2,106.13 1 1
github.com/gophersatwork/granular/cache.go:106.13,108.3 1 1
github.com/gophersatwork/granular/cache.go:111.2,112.16 2 1
github.com/gophersatwork/granular/cache.go:112.16,114.3 1 0
github.com/gophersatwork/granular/cache.go:117.2,128.25 2 1
github.com/gophersatwork/granular/cache.go:128.25,130.3 1 0
github.com/gophersatwork/granular/cache.go:131.2,131.24 1 1
github.com/gophersatwork/granular/cache.go:131.24,133.3 1 1
github.com/gophersatwork/granular/cache.go:134.2,134.28 1 1
github.com/gophersatwork/granular/cache.go:134.28,136.3 1 1
github.com/gophersatwork/granular/cache.go:138.2,138.20 1 1
github.com/gophersatwork/granular/cache.go:142.44,145.25 2 1
github.com/gophersatwork/granular/cache.go:145.25,147.3 1 0
github.com/gophersatwork/granular/cache.go:149.2,157.3 1 1
github.com/gophersatwork/granular/cache.go:162.35,165.2 2 1
github.com/gophersatwork/granular/cache.go:168.39,173.16 4 1
github.com/gophersatwork/granular/cache.go:173.16,175.3 1 0
github.com/gophersatwork/granular/cache.go:178.2,179.59 2 1
github.com/gophersatwork/granular/cache.go:179.59,180.51 1 1
github.com/gophersatwork/granular/cache.go:180.51,182.4 1 0
github.com/gophersatwork/granular/cache.go:186.2,187.56 2 1
github.com/gophersatwork/granular/cache.go:187.56,188.51 1 1
github.com/gophersatwork/granular/cache.go:188.51,190.4 1 0
github.com/gophersatwork/granular/cache.go:193.2,193.12 1 1
github.com/gophersatwork/granular/cache.go:197.31,202.56 3 1
github.com/gophersatwork/granular/cache.go:202.56,204.3 1 0
github.com/gophersatwork/granular/cache.go:205.2,205.55 1 1
github.com/gophersatwork/granular/cache.go:205.55,207.3 1 0
github.com/gophersatwork/granular/cache.go:210.2,210.62 1 1
github.com/gophersatwork/granular/cache.go:210.62,212.3 1 0
github.com/gophersatwork/granular/cache.go:213.2,213.61 1 1
github.com/gophersatwork/granular/cache.go:213.61,215.3 1 0
github.com/gophersatwork/granular/cache.go:217.2,217.12 1 1
github.com/gophersatwork/granular/cache.go:222.31,224.2 1 1
github.com/gophersatwork/granular/cache.go:227.38,229.2 1 1
github.com/gophersatwork/granular/cache.go:232.37,234.2 1 1
github.com/gophersatwork/granular/cache.go:237.53,238.22 1 1
github.com/gophersatwork/granular/cache.go:238.22,239.56 1 0
github.com/gophersatwork/granular/cache.go:241.2,242.64 2 1
github.com/gophersatwork/granular/cache.go:246.51,247.22 1 1
github.com/gophersatwork/granular/cache.go:247.22,248.56 1 0
github.com/gophersatwork/granular/cache.go:250.2,251.55 2 1
github.com/gophersatwork/granular/cache.go:255.37,257.2 1 1
github.com/gophersatwork/granular/cache.go:260.33,262.2 1 1
github.com/gophersatwork/granular/cache.go:265.34,267.2 1 1
github.com/gophersatwork/granular/errors.go:22.43,23.25 1 1
github.com/gophersatwork/granular/errors.go:23.25,25.3 1 1
github.com/gophersatwork/granular/errors.go:26.2,26.25 1 1
github.com/gophersatwork/granular/errors.go:26.25,28.3 1 1
github.com/gophersatwork/granular/errors.go:30.2,32.32 3 1
github.com/gophersatwork/granular/errors.go:32.32,34.3 1 1
github.com/gophersatwork/granular/errors.go:35.2,35.21 1 1
github.com/gophersatwork/granular/errors.go:40.45,42.2 1 1
github.com/gophersatwork/granular/errors.go:46.45,47.20 1 1
github.com/gophersatwork/granular/errors.go:47.20,49.3 1 1
github.com/gophersatwork/granular/errors.go:50.2,50.39 1 1
github.com/gophersatwork/granular/hash.go:15.26,18.3 2 1
github.com/gophersatwork/granular/hash.go:22.53,29.16 5 1
github.com/gophersatwork/granular/hash.go:29.16,31.3 1 0
github.com/gophersatwork/granular/hash.go:32.2,32.12 1 1
github.com/gophersatwork/granular/key.go:47.57,49.16 2 1
github.com/gophersatwork/granular/key.go:49.16,51.3 1 0
github.com/gophersatwork/granular/key.go:52.2,52.43 1 1
github.com/gophersatwork/granular/key.go:55.36,57.2 1 1
github.com/gophersatwork/granular/key.go:64.57,66.16 2 1
github.com/gophersatwork/granular/key.go:66.16,68.3 1 0
github.com/gophersatwork/granular/key.go:71.2,77.32 3 1
github.com/gophersatwork/granular/key.go:77.32,80.17 3 1
github.com/gophersatwork/granular/key.go:80.17,82.4 1 0
github.com/gophersatwork/granular/key.go:83.3,83.60 1 1
github.com/gophersatwork/granular/key.go:83.60,85.4 1 0
github.com/gophersatwork/granular/key.go:88.2,88.12 1 1
github.com/gophersatwork/granular/key.go:91.36,93.2 1 1
github.com/gophersatwork/granular/key.go:101.56,103.85 2 1
github.com/gophersatwork/granular/key.go:103.85,104.17 1 1
github.com/gophersatwork/granular/key.go:104.17,106.4 1 0
github.com/gophersatwork/granular/key.go:107.3,107.19 1 1
github.com/gophersatwork/granular/key.go:107.19,109.4 1 1
github.com/gophersatwork/granular/key.go:112.3,112.37 1 1
github.com/gophersatwork/granular/key.go:112.37,114.18 2 1
github.com/gophersatwork/granular/key.go:114.18,116.5 1 0
github.com/gophersatwork/granular/key.go:117.4,117.15 1 1
github.com/gophersatwork/granular/key.go:117.15,119.5 1 1
github.com/gophersatwork/granular/key.go:122.3,123.13 2 1
github.com/gophersatwork/granular/key.go:125.2,125.16 1 1
github.com/gophersatwork/granular/key.go:125.16,127.3 1 0
github.com/gophersatwork/granular/key.go:130.2,136.29 3 1
github.com/gophersatwork/granular/key.go:136.29,139.17 3 1
github.com/gophersatwork/granular/key.go:139.17,141.4 1 0
github.com/gophersatwork/granular/key.go:142.3,142.60 1 1
github.com/gophersatwork/granular/key.go:142.60,144.4 1 0
github.com/gophersatwork/granular/key.go:147.2,147.12 1 1
github.com/gophersatwork/granular/key.go:150.35,151.25 1 1
github.com/gophersatwork/granular/key.go:151.25,153.3 1 1
github.com/gophersatwork/granular/key.go:154.2,154.80 1 1
github.com/gophersatwork/granular/key.go:163.58,165.2 1 1
github.com/gophersatwork/granular/key.go:167.37,168.18 1 1
github.com/gophersatwork/granular/key.go:168.18,170.3 1 0
github.com/gophersatwork/granular/key.go:171.2,171.45 1 1
github.com/gophersatwork/granular/key.go:177.53,179.48 1 1
github.com/gophersatwork/granular/key.go:179.48,182.3 2 1
github.com/gophersatwork/granular/key.go:185.2,186.16 2 1
github.com/gophersatwork/granular/key.go:186.16,188.3 1 0
github.com/gophersatwork/granular/key.go:188.8,188.20 1 1
github.com/gophersatwork/granular/key.go:188.20,190.3 1 1
github.com/gophersatwork/granular/key.go:192.2,193.11 2 1
github.com/gophersatwork/granular/key.go:200.56,202.48 1 1
github.com/gophersatwork/granular/key.go:202.48,205.3 2 0
github.com/gophersatwork/granular/key.go:208.2,209.16 2 1
github.com/gophersatwork/granular/key.go:209.16,211.3 1 0
github.com/gophersatwork/granular/key.go:213.2,214.11 2 1
github.com/gophersatwork/granular/key.go:222.71,224.48 1 1
github.com/gophersatwork/granular/key.go:224.48,227.3 2 0
github.com/gophersatwork/granular/key.go:230.2,231.16 2 1
github.com/gophersatwork/granular/key.go:231.16,233.3 1 0
github.com/gophersatwork/granular/key.go:233.8,233.20 1 1
github.com/gophersatwork/granular/key.go:233.20,235.3 1 1
github.com/gophersatwork/granular/key.go:238.2,238.34 1 1
github.com/gophersatwork/granular/key.go:238.34,240.17 2 1
github.com/gophersatwork/granular/key.go:240.17,243.28 2 1
github.com/gophersatwork/granular/key.go:243.28,244.10 1 1
github.com/gophersatwork/granular/key.go:249.2,250.11 2 1
github.com/gophersatwork/granular/key.go:255.54,258.2 2 1
github.com/gophersatwork/granular/key.go:262.61,263.22 1 1
github.com/gophersatwork/granular/key.go:263.22,265.3 1 1
github.com/gophersatwork/granular/key.go:266.2,267.11 2 1
github.com/gophersatwork/granular/key.go:271.53,273.2 1 1
github.com/gophersatwork/granular/key.go:277.51,279.2 1 1
github.com/gophersatwork/granular/key.go:284.35,291.2 1 1
github.com/gophersatwork/granular/key.go:296.37,299.16 3 1
github.com/gophersatwork/granular/key.go:299.16,301.3 1 1
github.com/gophersatwork/granular/key.go:302.2,302.17 1 1
github.com/gophersatwork/granular/key.go:308.28,310.16 2 1
github.com/gophersatwork/granular/key.go:310.16,312.3 1 1
github.com/gophersatwork/granular/key.go:313.2,313.17 1 1
github.com/gophersatwork/granular/key.go:318.44,320.23 1 1
github.com/gophersatwork/granular/key.go:320.23,322.3 1 1
github.com/gophersatwork/granular/key.go:324.2,327.30 2 1
github.com/gophersatwork/granular/key.go:327.30,330.48 2 1
github.com/gophersatwork/granular/key.go:330.48,332.4 1 0
github.com/gophersatwork/granular/key.go:336.2,336.23 1 1
github.com/gophersatwork/granular/key.go:336.23,338.27 2 1
github.com/gophersatwork/granular/key.go:338.27,340.4 1 1
github.com/gophersatwork/granular/key.go:341.3,343.28 2 1
github.com/gophersatwork/granular/key.go:343.28,346.4 2 1
github.com/gophersatwork/granular/key.go:349.2,349.43 1 1
github.com/gophersatwork/granular/key.go:353.64,358.18 3 1
github.com/gophersatwork/granular/key.go:358.18,361.136 3 1
github.com/gophersatwork/granular/key.go:361.136,363.4 1 0
github.com/gophersatwork/granular/key.go:364.8,366.3 1 1
github.com/gophersatwork/granular/key.go:368.2,368.20 1 1
github.com/gophersatwork/granular/key.go:368.20,370.3 1 1
github.com/gophersatwork/granular/key.go:373.2,373.19 1 1
github.com/gophersatwork/granular/key.go:373.19,375.17 2 1
github.com/gophersatwork/granular/key.go:375.17,377.4 1 0
github.com/gophersatwork/granular/key.go:378.3,378.14 1 1
github.com/gophersatwork/granular/key.go:378.14,380.4 1 1
github.com/gophersatwork/granular/key.go:384.2,385.86 2 1
github.com/gophersatwork/granular/key.go:385.86,386.17 1 1
github.com/gophersatwork/granular/key.go:386.17,388.4 1 0
github.com/gophersatwork/granular/key.go:389.3,389.19 1 1
github.com/gophersatwork/granular/key.go:389.19,391.4 1 1
github.com/gophersatwork/granular/key.go:393.3,393.19 1 1
github.com/gophersatwork/granular/key.go:393.19,394.41 1 1
github.com/gophersatwork/granular/key.go:394.41,396.5 1 1
github.com/gophersatwork/granular/key.go:397.9,400.18 3 1
github.com/gophersatwork/granular/key.go:400.18,402.5 1 1
github.com/gophersatwork/granular/key.go:403.4,403.15 1 1
github.com/gophersatwork/granular/key.go:403.15,405.5 1 1
github.com/gophersatwork/granular/key.go:408.3,408.13 1 1
github.com/gophersatwork/granular/key.go:411.2,411.21 1 1
github.com/gophersatwork/granular/key.go:415.52,423.2 5 1
github.com/gophersatwork/granular/key.go:426.85,427.37 1 1
github.com/gophersatwork/granular/key.go:427.37,429.3 1 1
github.com/gophersatwork/granular/key.go:431.2,431.31 1 1
github.com/gophersatwork/granular/key.go:431.31,432.51 1 1
github.com/gophersatwork/granular/key.go:432.51,433.31 1 1
github.com/gophersatwork/granular/key.go:433.31,435.5 1 1
github.com/gophersatwork/granular/key.go:437.3,437.14 1 1
github.com/gophersatwork/granular/key.go:440.2,443.25 3 1
github.com/gophersatwork/granular/key.go:443.25,444.69 1 1
github.com/gophersatwork/granular/key.go:444.69,446.4 1 1
github.com/gophersatwork/granular/key.go:447.3,447.72 1 1
github.com/gophersatwork/granular/key.go:450.2,451.28 2 1
github.com/gophersatwork/granular/key.go:451.28,453.3 1 1
github.com/gophersatwork/granular/key.go:455.2,455.73 1 1
github.com/gophersatwork/granular/manifest.go:35.49,38.58 2 1
github.com/gophersatwork/granular/manifest.go:38.58,40.3 1 0
github.com/gophersatwork/granular/manifest.go:43.2,44.16 2 1
github.com/gophersatwork/granular/manifest.go:44.16,46.3 1 0
github.com/gophersatwork/granular/manifest.go:49.2,49.86 1 1
github.com/gophersatwork/granular/manifest.go:49.86,51.3 1 0
github.com/gophersatwork/granular/manifest.go:53.2,53.12 1 1
github.com/gophersatwork/granular/manifest.go:57.65,60.16 2 1
github.com/gophersatwork/granular/manifest.go:60.16,62.3 1 0
github.com/gophersatwork/granular/manifest.go:65.2,66.49 2 1
github.com/gophersatwork/granular/manifest.go:66.49,68.3 1 1
github.com/gophersatwork/granular/manifest.go:70.2,70.16 1 1
github.com/gophersatwork/granular/manifest.go:74.129,85.33 4 1
github.com/gophersatwork/granular/manifest.go:85.33,92.17 3 1
github.com/gophersatwork/granular/manifest.go:92.17,94.4 1 0
github.com/gophersatwork/granular/manifest.go:97.3,101.7 3 1
github.com/gophersatwork/granular/manifest.go:101.7,103.35 2 1
github.com/gophersatwork/granular/manifest.go:103.35,105.5 1 0
github.com/gophersatwork/granular/manifest.go:106.4,106.13 1 1
github.com/gophersatwork/granular/manifest.go:106.13,108.5 1 1
github.com/gophersatwork/granular/manifest.go:109.4,109.21 1 1
github.com/gophersatwork/granular/manifest.go:109.21,110.10 1 1
github.com/gophersatwork/granular/manifest.go:114.3,115.19 2 1
github.com/gophersatwork/granular/manifest.go:120.2,121.28 2 1
github.com/gophersatwork/granular/manifest.go:121.28,123.3 1 1
github.com/gophersatwork/granular/manifest.go:124.2,130.29 3 1
github.com/gophersatwork/granular/manifest.go:130.29,136.3 2 1
github.com/gophersatwork/granular/manifest.go:140.2,141.28 2 1
github.com/gophersatwork/granular/manifest.go:141.28,143.3 1 1
github.com/gophersatwork/granular/manifest.go:144.2,150.29 3 1
github.com/gophersatwork/granular/manifest.go:150.29,156.3 2 1
github.com/gophersatwork/granular/manifest.go:159.2,159.44 1 1
github.com/gophersatwork/granular/manifest.go:164.30,166.2 1 1
github.com/gophersatwork/granular/options.go:13.33,14.24 1 1
github.com/gophersatwork/granular/options.go:14.24,16.3 1 1
github.com/gophersatwork/granular/options.go:24.45,25.24 1 1
github.com/gophersatwork/granular/options.go:25.24,27.3 1 1
github.com/gophersatwork/granular/options.go:32.42,33.24 1 1
github.com/gophersatwork/granular/options.go:33.24,35.3 1 1
github.com/gophersatwork/granular/options.go:50.36,51.24 1 1
github.com/gophersatwork/granular/options.go:51.24,53.3 1 1
github.com/gophersatwork/granular/result.go:26.43,28.2 1 1
github.com/gophersatwork/granular/result.go:31.44,33.28 2 1
github.com/gophersatwork/granular/result.go:33.28,35.3 1 1
github.com/gophersatwork/granular/result.go:36.2,36.15 1 1
github.com/gophersatwork/granular/result.go:40.44,43.2 2 1
github.com/gophersatwork/granular/result.go:47.51,49.15 2 1
github.com/gophersatwork/granular/result.go:49.15,51.3 1 1
github.com/gophersatwork/granular/result.go:54.2,55.35 2 1
github.com/gophersatwork/granular/result.go:55.35,56.60 1 1
github.com/gophersatwork/granular/result.go:56.60,58.4 1 0
github.com/gophersatwork/granular/result.go:62.2,63.16 2 1
github.com/gophersatwork/granular/result.go:63.16,65.3 1 0
github.com/gophersatwork/granular/result.go:66.2,66.33 1 1
github.com/gophersatwork/granular/result.go:66.33,68.17 2 1
github.com/gophersatwork/granular/result.go:68.17,70.4 1 0
github.com/gophersatwork/granular/result.go:73.2,74.16 2 1
github.com/gophersatwork/granular/result.go:74.16,76.3 1 0
github.com/gophersatwork/granular/result.go:77.2,77.33 1 1
github.com/gophersatwork/granular/result.go:77.33,79.17 2 1
github.com/gophersatwork/granular/result.go:79.17,81.4 1 0
github.com/gophersatwork/granular/result.go:84.2,89.16 5 1
github.com/gophersatwork/granular/result.go:89.16,91.3 1 0
github.com/gophersatwork/granular/result.go:93.2,93.12 1 1
github.com/gophersatwork/granular/result.go:98.44,100.2 1 1
github.com/gophersatwork/granular/result.go:103.43,105.27 2 0
github.com/gophersatwork/granular/result.go:105.27,108.3 1 0
github.com/gophersatwork/granular/result.go:109.2,109.15 1 0
github.com/gophersatwork/granular/result.go:113.44,116.2 2 1
github.com/gophersatwork/granular/result.go:120.42,122.2 1 1
github.com/gophersatwork/granular/result.go:125.47,127.31 2 0
github.com/gophersatwork/granular/result.go:127.31,129.3 1 0
github.com/gophersatwork/granular/result.go:130.2,130.15 1 0
github.com/gophersatwork/granular/result.go:134.43,137.2 2 0
github.com/gophersatwork/granular/result.go:140.38,142.2 1 1
github.com/gophersatwork/granular/result.go:145.40,147.2 1 1
github.com/gophersatwork/granular/result.go:150.41,152.2 1 1
github.com/gophersatwork/granular/result.go:156.31,158.31 2 1
github.com/gophersatwork/granular/result.go:158.31,160.17 2 1
github.com/gophersatwork/granular/result.go:160.17,162.4 1 1
github.com/gophersatwork/granular/result.go:164.2,164.14 1 1
github.com/gophersatwork/granular/result.go:169.35,171.2 1 0
github.com/gophersatwork/granular/stats.go:31.40,38.65 5 1
github.com/gophersatwork/granular/stats.go:38.65,42.52 2 1
github.com/gophersatwork/granular/stats.go:42.52,44.4 1 1
github.com/gophersatwork/granular/stats.go:45.3,45.51 1 1
github.com/gophersatwork/granular/stats.go:45.51,47.4 1 1
github.com/gophersatwork/granular/stats.go:50.3,54.13 4 1
github.com/gophersatwork/granular/stats.go:56.2,56.16 1 1
github.com/gophersatwork/granular/stats.go:56.16,58.3 1 0
github.com/gophersatwork/granular/stats.go:60.2,61.22 2 1
github.com/gophersatwork/granular/stats.go:61.22,63.3 1 1
github.com/gophersatwork/granular/stats.go:64.2,64.22 1 1
github.com/gophersatwork/granular/stats.go:64.22,66.3 1 1
github.com/gophersatwork/granular/stats.go:68.2,68.19 1 1
github.com/gophersatwork/granular/stats.go:73.61,82.65 6 1
github.com/gophersatwork/granular/stats.go:82.65,83.33 1 1
github.com/gophersatwork/granular/stats.go:83.33,85.4 1 1
github.com/gophersatwork/granular/stats.go:86.3,86.13 1 1
github.com/gophersatwork/granular/stats.go:88.2,88.16 1 1
github.com/gophersatwork/granular/stats.go:88.16,90.3 1 0
github.com/gophersatwork/granular/stats.go:93.2,93.35 1 1
github.com/gophersatwork/granular/stats.go:93.35,94.49 1 1
github.com/gophersatwork/granular/stats.go:94.49,96.4 1 0
github.com/gophersatwork/granular/stats.go:97.3,97.10 1 1
github.com/gophersatwork/granular/stats.go:100.2,100.19 1 1
github.com/gophersatwork/granular/stats.go:105.74,114.65 6 1
github.com/gophersatwork/granular/stats.go:114.65,115.34 1 1
github.com/gophersatwork/granular/stats.go:115.34,117.4 1 1
github.com/gophersatwork/granular/stats.go:118.3,118.13 1 1
github.com/gophersatwork/granular/stats.go:120.2,120.16 1 1
github.com/gophersatwork/granular/stats.go:120.16,122.3 1 0
github.com/gophersatwork/granular/stats.go:125.2,125.35 1 1
github.com/gophersatwork/granular/stats.go:125.35,126.49 1 1
github.com/gophersatwork/granular/stats.go:126.49,128.4 1 0
github.com/gophersatwork/granular/stats.go:129.3,129.10 1 1
github.com/gophersatwork/granular/stats.go:132.2,132.19 1 1
github.com/gophersatwork/granular/stats.go:137.44,143.65 4 1
github.com/gophersatwork/granular/stats.go:143.65,156.3 5 1
github.com/gophersatwork/granular/stats.go:157.2,157.16 1 1
github.com/gophersatwork/granular/stats.go:157.16,159.3 1 0
github.com/gophersatwork/granular/stats.go:161.2,161.21 1 1
github.com/gophersatwork/granular/stats.go:165.81,168.92 2 1
github.com/gophersatwork/granular/stats.go:168.92,169.17 1 1
github.com/gophersatwork/granular/stats.go:169.17,171.4 1 0
github.com/gophersatwork/granular/stats.go:174.3,174.19 1 1
github.com/gophersatwork/granular/stats.go:174.19,176.4 1 1
github.com/gophersatwork/granular/stats.go:179.3,179.40 1 1
github.com/gophersatwork/granular/stats.go:179.40,181.4 1 0
github.com/gophersatwork/granular/stats.go:184.3,188.17 3 1
github.com/gophersatwork/granular/stats.go:188.17,191.4 1 0
github.com/gophersatwork/granular/stats.go:193.3,193.24 1 1
github.com/gophersatwork/granular/stats.go:198.52,201.84 2 1
github.com/gophersatwork/granular/stats.go:201.84,202.17 1 1
github.com/gophersatwork/granular/stats.go:202.17,204.4 1 0
github.com/gophersatwork/granular/stats.go:205.3,205.20 1 1
github.com/gophersatwork/granular/stats.go:205.20,207.4 1 1
github.com/gophersatwork/granular/stats.go:208.3,208.13 1 1
github.com/gophersatwork/granular/stats.go:211.2,211.18 1 1
github.com/gophersatwork/granular/stats.go:215.52,218.59 2 1
github.com/gophersatwork/granular/stats.go:218.59,219.51 1 1
github.com/gophersatwork/granular/stats.go:219.51,221.4 1 0
github.com/gophersatwork/granular/stats.go:225.2,226.56 2 1
github.com/gophersatwork/granular/stats.go:226.56,227.51 1 1
github.com/gophersatwork/granular/stats.go:227.51,229.4 1 0
github.com/gophersatwork/granular/stats.go:232.2,232.12 1 1
github.com/gophersatwork/granular/writer.go:28.66,30.48 1 1
github.com/gophersatwork/granular/writer.go:30.48,31.22 1 0
github.com/gophersatwork/granular/writer.go:31.22,33.4 1 0
github.com/gophersatwork/granular/writer.go:34.3,35.12 2 0
github.com/gophersatwork/granular/writer.go:39.2,40.16 2 1
github.com/gophersatwork/granular/writer.go:40.16,42.3 1 0
github.com/gophersatwork/granular/writer.go:42.8,42.20 1 1
github.com/gophersatwork/granular/writer.go:42.20,44.3 1 0
github.com/gophersatwork/granular/writer.go:44.8,47.17 2 1
github.com/gophersatwork/granular/writer.go:47.17,49.4 1 0
github.com/gophersatwork/granular/writer.go:49.9,49.26 1 1
github.com/gophersatwork/granular/writer.go:49.26,51.4 1 0
github.com/gophersatwork/granular/writer.go:54.2,54.21 1 1
github.com/gophersatwork/granular/writer.go:54.21,56.3 1 1
github.com/gophersatwork/granular/writer.go:57.2,58.11 2 1
github.com/gophersatwork/granular/writer.go:63.71,64.20 1 1
github.com/gophersatwork/granular/writer.go:64.20,66.3 1 1
github.com/gophersatwork/granular/writer.go:68.2,69.11 2 1
github.com/gophersatwork/granular/writer.go:74.63,75.24 1 1
github.com/gophersatwork/granular/writer.go:75.24,77.3 1 1
github.com/gophersatwork/granular/writer.go:78.2,79.11 2 1
github.com/gophersatwork/granular/writer.go:85.40,87.24 1 1
github.com/gophersatwork/granular/writer.go:87.24,89.3 1 0
github.com/gophersatwork/granular/writer.go:91.2,96.16 4 1
github.com/gophersatwork/granular/writer.go:96.16,98.3 1 0
github.com/gophersatwork/granular/writer.go:101.2,102.63 2 1
github.com/gophersatwork/granular/writer.go:102.63,104.3 1 0
github.com/gophersatwork/granular/writer.go:107.2,108.38 2 1
github.com/gophersatwork/granular/writer.go:108.38,114.55 3 1
github.com/gophersatwork/granular/writer.go:114.55,116.4 1 0
github.com/gophersatwork/granular/writer.go:118.3,118.30 1 1
github.com/gophersatwork/granular/writer.go:122.2,122.34 1 1
github.com/gophersatwork/granular/writer.go:122.34,125.76 2 1
github.com/gophersatwork/granular/writer.go:125.76,127.4 1 0
github.com/gophersatwork/granular/writer.go:132.2,133.35 2 1
github.com/gophersatwork/granular/writer.go:133.35,135.3 1 1
github.com/gophersatwork/granular/writer.go:138.2,139.35 2 1
github.com/gophersatwork/granular/writer.go:139.35,141.3 1 1
github.com/gophersatwork/granular/writer.go:144.2,145.16 2 1
github.com/gophersatwork/granular/writer.go:145.16,147.3 1 0
github.com/gophersatwork/granular/writer.go:150.2,162.56 2 1
github.com/gophersatwork/granular/writer.go:162.56,164.3 1 0
github.com/gophersatwork/granular/writer.go:166.2,166.12 1 1
github.com/gophersatwork/granular/writer.go:170.57,172.16 2 1
github.com/gophersatwork/granular/writer.go:172.16,174.3 1 0
github.com/gophersatwork/granular/writer.go:175.2,175.33 1 1
github.com/gophersatwork/granular/writer.go:175.33,177.17 2 1
github.com/gophersatwork/granular/writer.go:177.17,179.4 1 0
github.com/gophersatwork/granular/writer.go:182.2,183.16 2 1
github.com/gophersatwork/granular/writer.go:183.16,185.3 1 0
github.com/gophersatwork/granular/writer.go:186.2,186.33 1 1
github.com/gophersatwork/granular/writer.go:186.33,188.17 2 1
github.com/gophersatwork/granular/writer.go:188.17,190.4 1 0
github.com/gophersatwork/granular/writer.go:193.2,198.16 5 1
github.com/gophersatwork/granular/writer.go:198.16,200.3 1 0
github.com/gophersatwork/granular/writer.go:202.2,202.12 1 1
